TN:
SF:src\componets\index.tsx
FN:11,(anonymous_0)
FN:13,(anonymous_1)
FN:17,(anonymous_2)
FN:21,(anonymous_3)
FN:28,(anonymous_4)
FN:29,(anonymous_5)
FN:31,(anonymous_6)
FNF:7
FNH:3
FNDA:6,(anonymous_0)
FNDA:0,(anonymous_1)
FNDA:0,(anonymous_2)
FNDA:0,(anonymous_3)
FNDA:2,(anonymous_4)
FNDA:2,(anonymous_5)
FNDA:0,(anonymous_6)
DA:11,2
DA:12,6
DA:13,6
DA:14,0
DA:21,0
DA:25,6
DA:28,2
DA:30,2
DA:31,0
DA:40,2
LF:10
LH:7
BRF:0
BRH:0
end_of_record
TN:
SF:src\context\TaskContext.tsx
FN:25,(anonymous_0)
FN:27,(anonymous_1)
FN:28,loadTasks
FN:36,(anonymous_3)
FN:45,(anonymous_4)
FN:46,(anonymous_5)
FN:57,useTaskList
FNF:7
FNH:7
FNDA:11,(anonymous_0)
FNDA:5,(anonymous_1)
FNDA:5,loadTasks
FNDA:3,(anonymous_3)
FNDA:1,(anonymous_4)
FNDA:1,(anonymous_5)
FNDA:12,useTaskList
DA:15,2
DA:21,2
DA:25,2
DA:26,11
DA:27,11
DA:29,5
DA:30,5
DA:31,2
DA:34,5
DA:36,11
DA:37,3
DA:38,3
DA:39,3
DA:40,3
DA:42,0
DA:45,11
DA:46,1
DA:47,1
DA:48,1
DA:50,11
DA:58,12
DA:59,12
DA:60,0
DA:62,12
LF:24
LH:22
BRDA:30,0,0,2
BRDA:30,0,1,3
BRDA:59,1,0,0
BRDA:59,1,1,12
BRF:4
BRH:3
end_of_record
TN:
SF:src\pages\Home\index.tsx
FN:14,(anonymous_0)
FN:17,(anonymous_1)
FNF:2
FNH:2
FNDA:5,(anonymous_0)
FNDA:1,(anonymous_1)
DA:14,1
DA:15,5
DA:16,5
DA:17,5
DA:18,1
DA:22,1
DA:24,5
DA:48,1
LF:8
LH:8
BRDA:20,0,0,1
BRDA:20,0,1,0
BRDA:74,1,0,1
BRDA:74,1,1,0
BRF:4
BRH:2
end_of_record
